<?xml version="1.0" encoding="UTF-8"?>
<testng-results skipped="0" failed="0" total="1" passed="1">
  <reporter-output>
  </reporter-output>
  <suite name="Suite" duration-ms="104025" started-at="2020-07-16T08:24:01Z" finished-at="2020-07-16T08:25:45Z">
    <groups>
      <group name="cucumber">
        <method signature="TestRunner.feature(cucumber.api.testng.CucumberFeatureWrapper)[pri:0, instance:test.TestRunner@4387b79e]" name="feature" class="test.TestRunner"/>
      </group> <!-- cucumber -->
    </groups>
    <test name="Test" duration-ms="104025" started-at="2020-07-16T08:24:01Z" finished-at="2020-07-16T08:25:45Z">
      <class name="test.TestRunner">
        <test-method status="PASS" signature="setUpClass()[pri:0, instance:test.TestRunner@4387b79e]" name="setUpClass" is-config="true" duration-ms="391" started-at="2020-07-16T13:54:01Z" finished-at="2020-07-16T13:54:02Z">
          <reporter-output>
          </reporter-output>
        </test-method> <!-- setUpClass -->
        <test-method status="PASS" signature="feature(cucumber.api.testng.CucumberFeatureWrapper)[pri:0, instance:test.TestRunner@4387b79e]" name="feature" duration-ms="103147" started-at="2020-07-16T13:54:02Z" description="Runs Cucumber Feature" data-provider="features" finished-at="2020-07-16T13:55:45Z">
          <params>
            <param index="0">
              <value>
                <![CDATA[This feature is to create training session, add career, promotion and session]]>
              </value>
            </param>
          </params>
          <reporter-output>
          </reporter-output>
        </test-method> <!-- feature -->
        <test-method status="PASS" signature="tearDownClass()[pri:0, instance:test.TestRunner@4387b79e]" name="tearDownClass" is-config="true" duration-ms="314" started-at="2020-07-16T13:55:45Z" finished-at="2020-07-16T13:55:45Z">
          <reporter-output>
          </reporter-output>
        </test-method> <!-- tearDownClass -->
      </class> <!-- test.TestRunner -->
    </test> <!-- Test -->
  </suite> <!-- Suite -->
</testng-results>
